0 info it worked if it ends with ok
1 verbose cli [ 'node', '/usr/local/bin/npm', 'publish' ]
2 info using npm@2.7.4
3 info using node@v0.12.2
4 verbose publish [ '.' ]
5 silly cache add args [ '.', null ]
6 verbose cache add spec .
7 silly cache add parsed spec { raw: '.',
7 silly cache add   scope: null,
7 silly cache add   name: null,
7 silly cache add   rawSpec: '.',
7 silly cache add   spec: '/Users/ymcatar/Desktop/book/node_modules/gitbook-plugin-youtubeR',
7 silly cache add   type: 'directory' }
8 verbose addLocalDirectory /Users/ymcatar/.npm/gitbook-plugin-youtubeR/0.0.1/package.tgz not in flight; packing
9 verbose tar pack [ '/Users/ymcatar/.npm/gitbook-plugin-youtubeR/0.0.1/package.tgz',
9 verbose tar pack   '/Users/ymcatar/Desktop/book/node_modules/gitbook-plugin-youtubeR' ]
10 verbose tarball /Users/ymcatar/.npm/gitbook-plugin-youtubeR/0.0.1/package.tgz
11 verbose folder /Users/ymcatar/Desktop/book/node_modules/gitbook-plugin-youtubeR
12 info prepublish gitbook-plugin-youtubeR@0.0.1
13 verbose addLocalTarball adding from inside cache /Users/ymcatar/.npm/gitbook-plugin-youtubeR/0.0.1/package.tgz
14 silly cache afterAdd gitbook-plugin-youtubeR@0.0.1
15 verbose afterAdd /Users/ymcatar/.npm/gitbook-plugin-youtubeR/0.0.1/package/package.json not in flight; writing
16 verbose afterAdd /Users/ymcatar/.npm/gitbook-plugin-youtubeR/0.0.1/package/package.json written
17 silly publish { name: 'gitbook-plugin-youtubeR',
17 silly publish   description: 'YouTube plugin for GitBook',
17 silly publish   main: 'index.js',
17 silly publish   version: '0.0.1',
17 silly publish   engines: { gitbook: '*' },
17 silly publish   homepage: 'https://github.com/GitbookIO/plugin',
17 silly publish   repository: { type: 'git', url: 'https://github.com/GitbookIO/plugin.git' },
17 silly publish   license: 'Apache 2',
17 silly publish   bugs: { url: 'https://github.com/GitbookIO/plugin/issues' },
17 silly publish   readme: '# GitBook YouTube Plugin\n\nThis is a plugin for inserting YouTube videos in GitBook.\n\n## Usage\n\nYoutube videos can be inserted into a gitbook chapter using a tag with the video id inserted inbetween:\n\n```\n{%youtube%} dQw4w9WgXcQ {%endyoutube}\n```\n\n## Feature\n\n* The player will be responsive and will rezise approatiately according to the page size.\n* The video will be displayed as a link to the video if the ebook is converted into pdf or other formats.',
17 silly publish   readmeFilename: 'README.md',
17 silly publish   _id: 'gitbook-plugin-youtubeR@0.0.1',
17 silly publish   scripts: {},
17 silly publish   _shasum: '836f0fb8b31490b0d0f563f2cbf419af6acbd98e',
17 silly publish   _from: '.' }
18 silly mapToRegistry name gitbook-plugin-youtubeR
19 silly mapToRegistry using default registry
20 silly mapToRegistry registry https://registry.npmjs.org/
21 silly mapToRegistry uri https://registry.npmjs.org/gitbook-plugin-youtubeR
22 verbose publish registryBase https://registry.npmjs.org/
23 silly publish uploading /Users/ymcatar/.npm/gitbook-plugin-youtubeR/0.0.1/package.tgz
24 verbose stack Error: Invalid name: "gitbook-plugin-youtubeR"
24 verbose stack     at ensureValidName (/usr/local/lib/node_modules/npm/node_modules/normalize-package-data/lib/fixer.js:322:15)
24 verbose stack     at Object.module.exports.fixNameField (/usr/local/lib/node_modules/npm/node_modules/normalize-package-data/lib/fixer.js:211:5)
24 verbose stack     at CachingRegistryClient.publish (/usr/local/lib/node_modules/npm/node_modules/npm-registry-client/lib/publish.js:41:11)
24 verbose stack     at /usr/local/lib/node_modules/npm/lib/publish.js:144:14
24 verbose stack     at mapToRegistry (/usr/local/lib/node_modules/npm/lib/utils/map-to-registry.js:55:3)
24 verbose stack     at publish_ (/usr/local/lib/node_modules/npm/lib/publish.js:114:3)
24 verbose stack     at Array.<anonymous> (/usr/local/lib/node_modules/npm/node_modules/slide/lib/bind-actor.js:15:8)
24 verbose stack     at LOOP (/usr/local/lib/node_modules/npm/node_modules/slide/lib/chain.js:15:14)
24 verbose stack     at LOOP (/usr/local/lib/node_modules/npm/node_modules/slide/lib/chain.js:14:28)
24 verbose stack     at chain (/usr/local/lib/node_modules/npm/node_modules/slide/lib/chain.js:20:5)
25 verbose cwd /Users/ymcatar/Desktop/book/node_modules/gitbook-plugin-youtubeR
26 error Darwin 14.3.0
27 error argv "node" "/usr/local/bin/npm" "publish"
28 error node v0.12.2
29 error npm  v2.7.4
30 error Invalid name: "gitbook-plugin-youtubeR"
31 error If you need help, you may report this error at:
31 error     <https://github.com/npm/npm/issues>
32 verbose exit [ 1, true ]
